<?xml version="1.0" encoding="UTF-8"?>
<!-- Generated by org.testng.reporters.JUnitReportReporter -->
<testsuite hostname="LAPTOP-TAMTA" failures="0" tests="3" name="testScript.EmployeeManagementTest" time="30.401" errors="0" timestamp="2025-01-30T13:05:33 IST" skipped="0">
  <testcase classname="testScript.EmployeeManagementTest" name="addEmployeeTest" time="17.555"/>
  <system-out/>
  <testcase classname="testScript.EmployeeManagementTest" name="editEmployeeTest" time="6.526"/>
  <system-out/>
  <testcase classname="testScript.EmployeeManagementTest" name="DeleteEmployeeTest" time="6.320"/>
  <system-out/>
</testsuite> <!-- testScript.EmployeeManagementTest -->
