<?xml version="1.0" encoding="UTF-8"?>
<!-- Generated by org.testng.reporters.JUnitReportReporter -->
<testsuite hostname="LAPTOP-TAMTA" failures="0" tests="2" name="testScript.TimeTrackingTest" time="12.954" errors="0" timestamp="2025-01-30T17:51:29 IST" skipped="0">
  <testcase classname="testScript.TimeTrackingTest" name="PunchInTime" time="12.773"/>
  <system-out/>
  <testcase classname="testScript.TimeTrackingTest" name="PunchOutTime" time="0.181"/>
  <system-out/>
</testsuite> <!-- testScript.TimeTrackingTest -->
