<?xml version="1.0" encoding="UTF-8"?>
<!-- Generated by org.testng.reporters.JUnitReportReporter -->
<testsuite hostname="LAPTOP-TAMTA" failures="0" tests="4" name="testScript.loginTest" time="0.000" errors="0" timestamp="2025-01-19T08:30:49 IST" skipped="4">
  <testcase classname="testScript.loginTest" name="invalid_login" time="0.000">
    <skipped/>
  </testcase> <!-- invalid_login -->
  <system-out/>
  <testcase classname="testScript.loginTest" name="loginWithoutDetails" time="0.000">
    <skipped/>
  </testcase> <!-- loginWithoutDetails -->
  <system-out/>
  <testcase classname="testScript.loginTest" name="loginAttemptsExceeds" time="0.000">
    <skipped/>
  </testcase> <!-- loginAttemptsExceeds -->
  <system-out/>
  <testcase classname="testScript.loginTest" name="valid_login" time="0.000">
    <skipped/>
  </testcase> <!-- valid_login -->
  <system-out/>
</testsuite> <!-- testScript.loginTest -->
